{"C:\\work\\study\\Ciphering-CLI-Tool\\atbash.js": {"path":"C:\\work\\study\\Ciphering-CLI-Tool\\atbash.js","statementMap":{"0":{"start":{"line":1,"column":0},"end":{"line":23,"column":1}},"1":{"start":{"line":2,"column":28},"end":{"line":2,"column":30}},"2":{"start":{"line":3,"column":28},"end":{"line":3,"column":30}},"3":{"start":{"line":4,"column":22},"end":{"line":4,"column":95}},"4":{"start":{"line":4,"column":60},"end":{"line":4,"column":86}},"5":{"start":{"line":5,"column":22},"end":{"line":5,"column":95}},"6":{"start":{"line":5,"column":60},"end":{"line":5,"column":86}},"7":{"start":{"line":6,"column":26},"end":{"line":6,"column":63}},"8":{"start":{"line":8,"column":21},"end":{"line":8,"column":34}},"9":{"start":{"line":9,"column":17},"end":{"line":9,"column":19}},"10":{"start":{"line":10,"column":4},"end":{"line":21,"column":7}},"11":{"start":{"line":11,"column":8},"end":{"line":20,"column":9}},"12":{"start":{"line":12,"column":32},"end":{"line":12,"column":61}},"13":{"start":{"line":13,"column":12},"end":{"line":17,"column":13}},"14":{"start":{"line":14,"column":16},"end":{"line":14,"column":61}},"15":{"start":{"line":16,"column":16},"end":{"line":16,"column":92}},"16":{"start":{"line":19,"column":12},"end":{"line":19,"column":32}},"17":{"start":{"line":22,"column":4},"end":{"line":22,"column":27}}},"fnMap":{"0":{"name":"(anonymous_0)","decl":{"start":{"line":1,"column":24},"end":{"line":1,"column":25}},"loc":{"start":{"line":1,"column":33},"end":{"line":23,"column":1}},"line":1},"1":{"name":"(anonymous_1)","decl":{"start":{"line":4,"column":57},"end":{"line":4,"column":58}},"loc":{"start":{"line":4,"column":60},"end":{"line":4,"column":86}},"line":4},"2":{"name":"(anonymous_2)","decl":{"start":{"line":5,"column":57},"end":{"line":5,"column":58}},"loc":{"start":{"line":5,"column":60},"end":{"line":5,"column":86}},"line":5},"3":{"name":"(anonymous_3)","decl":{"start":{"line":10,"column":21},"end":{"line":10,"column":22}},"loc":{"start":{"line":10,"column":31},"end":{"line":21,"column":5}},"line":10}},"branchMap":{"0":{"loc":{"start":{"line":11,"column":8},"end":{"line":20,"column":9}},"type":"if","locations":[{"start":{"line":11,"column":8},"end":{"line":20,"column":9}},{"start":{"line":18,"column":15},"end":{"line":20,"column":9}}],"line":11},"1":{"loc":{"start":{"line":13,"column":12},"end":{"line":17,"column":13}},"type":"if","locations":[{"start":{"line":13,"column":12},"end":{"line":17,"column":13}},{"start":{"line":15,"column":19},"end":{"line":17,"column":13}}],"line":13}},"s":{"0":3,"1":2,"2":2,"3":2,"4":52,"5":2,"6":52,"7":2,"8":2,"9":2,"10":2,"11":18,"12":5,"13":5,"14":3,"15":2,"16":13,"17":2},"f":{"0":2,"1":52,"2":52,"3":18},"b":{"0":[5,13],"1":[3,2]},"_coverageSchema":"1a1c01bbd47fc00a2c39e90264f33305004495a9","hash":"af76689dff40b1859e5d3b885cc53875664aeade"}
,"C:\\work\\study\\Ciphering-CLI-Tool\\cesar.js": {"path":"C:\\work\\study\\Ciphering-CLI-Tool\\cesar.js","statementMap":{"0":{"start":{"line":1,"column":0},"end":{"line":50,"column":2}},"1":{"start":{"line":2,"column":2},"end":{"line":2,"column":19}},"2":{"start":{"line":3,"column":20},"end":{"line":7,"column":3}},"3":{"start":{"line":4,"column":11},"end":{"line":4,"column":39}},"4":{"start":{"line":8,"column":20},"end":{"line":12,"column":3}},"5":{"start":{"line":9,"column":11},"end":{"line":9,"column":39}},"6":{"start":{"line":13,"column":24},"end":{"line":13,"column":61}},"7":{"start":{"line":14,"column":19},"end":{"line":14,"column":32}},"8":{"start":{"line":15,"column":15},"end":{"line":15,"column":17}},"9":{"start":{"line":17,"column":2},"end":{"line":31,"column":3}},"10":{"start":{"line":18,"column":4},"end":{"line":30,"column":7}},"11":{"start":{"line":19,"column":6},"end":{"line":29,"column":7}},"12":{"start":{"line":20,"column":8},"end":{"line":26,"column":9}},"13":{"start":{"line":21,"column":10},"end":{"line":21,"column":27}},"14":{"start":{"line":22,"column":15},"end":{"line":26,"column":9}},"15":{"start":{"line":23,"column":10},"end":{"line":23,"column":27}},"16":{"start":{"line":25,"column":10},"end":{"line":25,"column":72}},"17":{"start":{"line":28,"column":8},"end":{"line":28,"column":28}},"18":{"start":{"line":33,"column":2},"end":{"line":47,"column":3}},"19":{"start":{"line":34,"column":4},"end":{"line":46,"column":7}},"20":{"start":{"line":35,"column":6},"end":{"line":45,"column":7}},"21":{"start":{"line":36,"column":8},"end":{"line":42,"column":9}},"22":{"start":{"line":37,"column":10},"end":{"line":37,"column":27}},"23":{"start":{"line":38,"column":15},"end":{"line":42,"column":9}},"24":{"start":{"line":39,"column":10},"end":{"line":39,"column":27}},"25":{"start":{"line":41,"column":10},"end":{"line":41,"column":72}},"26":{"start":{"line":44,"column":8},"end":{"line":44,"column":28}},"27":{"start":{"line":49,"column":2},"end":{"line":49,"column":25}}},"fnMap":{"0":{"name":"(anonymous_0)","decl":{"start":{"line":1,"column":23},"end":{"line":1,"column":24}},"loc":{"start":{"line":1,"column":40},"end":{"line":50,"column":1}},"line":1},"1":{"name":"(anonymous_1)","decl":{"start":{"line":4,"column":4},"end":{"line":4,"column":5}},"loc":{"start":{"line":4,"column":11},"end":{"line":4,"column":39}},"line":4},"2":{"name":"(anonymous_2)","decl":{"start":{"line":9,"column":4},"end":{"line":9,"column":5}},"loc":{"start":{"line":9,"column":11},"end":{"line":9,"column":39}},"line":9},"3":{"name":"(anonymous_3)","decl":{"start":{"line":18,"column":17},"end":{"line":18,"column":18}},"loc":{"start":{"line":18,"column":29},"end":{"line":30,"column":5}},"line":18},"4":{"name":"(anonymous_4)","decl":{"start":{"line":34,"column":17},"end":{"line":34,"column":18}},"loc":{"start":{"line":34,"column":29},"end":{"line":46,"column":5}},"line":34}},"branchMap":{"0":{"loc":{"start":{"line":17,"column":2},"end":{"line":31,"column":3}},"type":"if","locations":[{"start":{"line":17,"column":2},"end":{"line":31,"column":3}},{"start":{},"end":{}}],"line":17},"1":{"loc":{"start":{"line":19,"column":6},"end":{"line":29,"column":7}},"type":"if","locations":[{"start":{"line":19,"column":6},"end":{"line":29,"column":7}},{"start":{"line":27,"column":13},"end":{"line":29,"column":7}}],"line":19},"2":{"loc":{"start":{"line":20,"column":8},"end":{"line":26,"column":9}},"type":"if","locations":[{"start":{"line":20,"column":8},"end":{"line":26,"column":9}},{"start":{"line":22,"column":15},"end":{"line":26,"column":9}}],"line":20},"3":{"loc":{"start":{"line":22,"column":15},"end":{"line":26,"column":9}},"type":"if","locations":[{"start":{"line":22,"column":15},"end":{"line":26,"column":9}},{"start":{"line":24,"column":15},"end":{"line":26,"column":9}}],"line":22},"4":{"loc":{"start":{"line":33,"column":2},"end":{"line":47,"column":3}},"type":"if","locations":[{"start":{"line":33,"column":2},"end":{"line":47,"column":3}},{"start":{},"end":{}}],"line":33},"5":{"loc":{"start":{"line":35,"column":6},"end":{"line":45,"column":7}},"type":"if","locations":[{"start":{"line":35,"column":6},"end":{"line":45,"column":7}},{"start":{"line":43,"column":13},"end":{"line":45,"column":7}}],"line":35},"6":{"loc":{"start":{"line":36,"column":8},"end":{"line":42,"column":9}},"type":"if","locations":[{"start":{"line":36,"column":8},"end":{"line":42,"column":9}},{"start":{"line":38,"column":15},"end":{"line":42,"column":9}}],"line":36},"7":{"loc":{"start":{"line":38,"column":15},"end":{"line":42,"column":9}},"type":"if","locations":[{"start":{"line":38,"column":15},"end":{"line":42,"column":9}},{"start":{"line":40,"column":15},"end":{"line":42,"column":9}}],"line":38}},"s":{"0":3,"1":9,"2":9,"3":234,"4":9,"5":234,"6":9,"7":9,"8":9,"9":9,"10":5,"11":59,"12":37,"13":1,"14":36,"15":1,"16":35,"17":22,"18":9,"19":4,"20":18,"21":7,"22":1,"23":6,"24":1,"25":5,"26":11,"27":9},"f":{"0":9,"1":234,"2":234,"3":59,"4":18},"b":{"0":[5,4],"1":[37,22],"2":[1,36],"3":[1,35],"4":[4,5],"5":[7,11],"6":[1,6],"7":[1,5]},"_coverageSchema":"1a1c01bbd47fc00a2c39e90264f33305004495a9","hash":"e6ec49e3ee4179817c0d6185f613f4743d1da247"}
,"C:\\work\\study\\Ciphering-CLI-Tool\\constants.js": {"path":"C:\\work\\study\\Ciphering-CLI-Tool\\constants.js","statementMap":{"0":{"start":{"line":1,"column":14},"end":{"line":5,"column":1}},"1":{"start":{"line":7,"column":15},"end":{"line":10,"column":1}},"2":{"start":{"line":16,"column":0},"end":{"line":16,"column":59}}},"fnMap":{},"branchMap":{},"s":{"0":2,"1":2,"2":2},"f":{},"b":{},"_coverageSchema":"1a1c01bbd47fc00a2c39e90264f33305004495a9","hash":"aa2029339c7f59f8d62595b505b89779fd63489e"}
,"C:\\work\\study\\Ciphering-CLI-Tool\\index.js": {"path":"C:\\work\\study\\Ciphering-CLI-Tool\\index.js","statementMap":{"0":{"start":{"line":2,"column":21},"end":{"line":2,"column":38}},"1":{"start":{"line":3,"column":18},"end":{"line":3,"column":36}},"2":{"start":{"line":4,"column":11},"end":{"line":4,"column":24}},"3":{"start":{"line":5,"column":31},"end":{"line":5,"column":54}},"4":{"start":{"line":8,"column":4},"end":{"line":10,"column":7}},"5":{"start":{"line":9,"column":8},"end":{"line":9,"column":70}},"6":{"start":{"line":12,"column":24},"end":{"line":12,"column":47}},"7":{"start":{"line":13,"column":25},"end":{"line":13,"column":48}},"8":{"start":{"line":15,"column":6},"end":{"line":17,"column":11}},"9":{"start":{"line":16,"column":12},"end":{"line":16,"column":91}},"10":{"start":{"line":27,"column":6},"end":{"line":40,"column":7}},"11":{"start":{"line":28,"column":8},"end":{"line":37,"column":10}},"12":{"start":{"line":33,"column":12},"end":{"line":35,"column":13}},"13":{"start":{"line":34,"column":14},"end":{"line":34,"column":31}},"14":{"start":{"line":39,"column":8},"end":{"line":39,"column":83}},"15":{"start":{"line":43,"column":0},"end":{"line":43,"column":13}},"16":{"start":{"line":44,"column":0},"end":{"line":44,"column":37}}},"fnMap":{"0":{"name":"runingCode","decl":{"start":{"line":7,"column":9},"end":{"line":7,"column":19}},"loc":{"start":{"line":7,"column":22},"end":{"line":41,"column":1}},"line":7},"1":{"name":"(anonymous_1)","decl":{"start":{"line":32,"column":10},"end":{"line":32,"column":11}},"loc":{"start":{"line":32,"column":19},"end":{"line":36,"column":11}},"line":32}},"branchMap":{"0":{"loc":{"start":{"line":8,"column":4},"end":{"line":10,"column":7}},"type":"if","locations":[{"start":{"line":8,"column":4},"end":{"line":10,"column":7}},{"start":{},"end":{}}],"line":8},"1":{"loc":{"start":{"line":15,"column":6},"end":{"line":17,"column":11}},"type":"if","locations":[{"start":{"line":15,"column":6},"end":{"line":17,"column":11}},{"start":{},"end":{}}],"line":15},"2":{"loc":{"start":{"line":15,"column":10},"end":{"line":15,"column":70}},"type":"binary-expr","locations":[{"start":{"line":15,"column":10},"end":{"line":15,"column":38}},{"start":{"line":15,"column":42},"end":{"line":15,"column":70}}],"line":15},"3":{"loc":{"start":{"line":27,"column":6},"end":{"line":40,"column":7}},"type":"if","locations":[{"start":{"line":27,"column":6},"end":{"line":40,"column":7}},{"start":{"line":38,"column":13},"end":{"line":40,"column":7}}],"line":27},"4":{"loc":{"start":{"line":33,"column":12},"end":{"line":35,"column":13}},"type":"if","locations":[{"start":{"line":33,"column":12},"end":{"line":35,"column":13}},{"start":{},"end":{}}],"line":33}},"s":{"0":1,"1":1,"2":1,"3":1,"4":3,"5":1,"6":3,"7":3,"8":3,"9":2,"10":3,"11":2,"12":0,"13":0,"14":1,"15":1,"16":1},"f":{"0":3,"1":0},"b":{"0":[1,2],"1":[2,1],"2":[3,1],"3":[2,1],"4":[0,0]},"_coverageSchema":"1a1c01bbd47fc00a2c39e90264f33305004495a9","hash":"63023ac0eef00112015d393bcb0da1bfb2fdae83"}
,"C:\\work\\study\\Ciphering-CLI-Tool\\rot8.js": {"path":"C:\\work\\study\\Ciphering-CLI-Tool\\rot8.js","statementMap":{"0":{"start":{"line":1,"column":0},"end":{"line":54,"column":1}},"1":{"start":{"line":2,"column":4},"end":{"line":2,"column":21}},"2":{"start":{"line":3,"column":22},"end":{"line":3,"column":82}},"3":{"start":{"line":3,"column":47},"end":{"line":3,"column":73}},"4":{"start":{"line":4,"column":22},"end":{"line":4,"column":82}},"5":{"start":{"line":4,"column":47},"end":{"line":4,"column":73}},"6":{"start":{"line":5,"column":26},"end":{"line":5,"column":63}},"7":{"start":{"line":6,"column":21},"end":{"line":6,"column":34}},"8":{"start":{"line":7,"column":17},"end":{"line":7,"column":19}},"9":{"start":{"line":9,"column":4},"end":{"line":34,"column":5}},"10":{"start":{"line":10,"column":8},"end":{"line":33,"column":11}},"11":{"start":{"line":11,"column":30},"end":{"line":11,"column":59}},"12":{"start":{"line":12,"column":12},"end":{"line":32,"column":13}},"13":{"start":{"line":23,"column":16},"end":{"line":29,"column":19}},"14":{"start":{"line":24,"column":20},"end":{"line":24,"column":71}},"15":{"start":{"line":25,"column":25},"end":{"line":29,"column":19}},"16":{"start":{"line":26,"column":20},"end":{"line":26,"column":71}},"17":{"start":{"line":28,"column":20},"end":{"line":28,"column":64}},"18":{"start":{"line":31,"column":16},"end":{"line":31,"column":36}},"19":{"start":{"line":36,"column":4},"end":{"line":51,"column":5}},"20":{"start":{"line":37,"column":8},"end":{"line":50,"column":11}},"21":{"start":{"line":38,"column":30},"end":{"line":38,"column":59}},"22":{"start":{"line":39,"column":12},"end":{"line":49,"column":13}},"23":{"start":{"line":40,"column":16},"end":{"line":46,"column":19}},"24":{"start":{"line":41,"column":20},"end":{"line":41,"column":65}},"25":{"start":{"line":42,"column":25},"end":{"line":46,"column":19}},"26":{"start":{"line":43,"column":20},"end":{"line":43,"column":65}},"27":{"start":{"line":45,"column":20},"end":{"line":45,"column":64}},"28":{"start":{"line":48,"column":16},"end":{"line":48,"column":36}},"29":{"start":{"line":53,"column":4},"end":{"line":53,"column":27}}},"fnMap":{"0":{"name":"(anonymous_0)","decl":{"start":{"line":1,"column":21},"end":{"line":1,"column":22}},"loc":{"start":{"line":1,"column":38},"end":{"line":54,"column":1}},"line":1},"1":{"name":"(anonymous_1)","decl":{"start":{"line":3,"column":44},"end":{"line":3,"column":45}},"loc":{"start":{"line":3,"column":47},"end":{"line":3,"column":73}},"line":3},"2":{"name":"(anonymous_2)","decl":{"start":{"line":4,"column":44},"end":{"line":4,"column":45}},"loc":{"start":{"line":4,"column":47},"end":{"line":4,"column":73}},"line":4},"3":{"name":"(anonymous_3)","decl":{"start":{"line":10,"column":25},"end":{"line":10,"column":26}},"loc":{"start":{"line":10,"column":37},"end":{"line":33,"column":9}},"line":10},"4":{"name":"(anonymous_4)","decl":{"start":{"line":37,"column":25},"end":{"line":37,"column":26}},"loc":{"start":{"line":37,"column":37},"end":{"line":50,"column":9}},"line":37}},"branchMap":{"0":{"loc":{"start":{"line":9,"column":4},"end":{"line":34,"column":5}},"type":"if","locations":[{"start":{"line":9,"column":4},"end":{"line":34,"column":5}},{"start":{},"end":{}}],"line":9},"1":{"loc":{"start":{"line":12,"column":12},"end":{"line":32,"column":13}},"type":"if","locations":[{"start":{"line":12,"column":12},"end":{"line":32,"column":13}},{"start":{"line":30,"column":19},"end":{"line":32,"column":13}}],"line":12},"2":{"loc":{"start":{"line":23,"column":16},"end":{"line":29,"column":19}},"type":"if","locations":[{"start":{"line":23,"column":16},"end":{"line":29,"column":19}},{"start":{"line":25,"column":25},"end":{"line":29,"column":19}}],"line":23},"3":{"loc":{"start":{"line":23,"column":20},"end":{"line":23,"column":56}},"type":"binary-expr","locations":[{"start":{"line":23,"column":20},"end":{"line":23,"column":36}},{"start":{"line":23,"column":40},"end":{"line":23,"column":56}}],"line":23},"4":{"loc":{"start":{"line":25,"column":25},"end":{"line":29,"column":19}},"type":"if","locations":[{"start":{"line":25,"column":25},"end":{"line":29,"column":19}},{"start":{"line":27,"column":25},"end":{"line":29,"column":19}}],"line":25},"5":{"loc":{"start":{"line":25,"column":29},"end":{"line":25,"column":65}},"type":"binary-expr","locations":[{"start":{"line":25,"column":29},"end":{"line":25,"column":45}},{"start":{"line":25,"column":49},"end":{"line":25,"column":65}}],"line":25},"6":{"loc":{"start":{"line":36,"column":4},"end":{"line":51,"column":5}},"type":"if","locations":[{"start":{"line":36,"column":4},"end":{"line":51,"column":5}},{"start":{},"end":{}}],"line":36},"7":{"loc":{"start":{"line":39,"column":12},"end":{"line":49,"column":13}},"type":"if","locations":[{"start":{"line":39,"column":12},"end":{"line":49,"column":13}},{"start":{"line":47,"column":19},"end":{"line":49,"column":13}}],"line":39},"8":{"loc":{"start":{"line":40,"column":16},"end":{"line":46,"column":19}},"type":"if","locations":[{"start":{"line":40,"column":16},"end":{"line":46,"column":19}},{"start":{"line":42,"column":25},"end":{"line":46,"column":19}}],"line":40},"9":{"loc":{"start":{"line":42,"column":25},"end":{"line":46,"column":19}},"type":"if","locations":[{"start":{"line":42,"column":25},"end":{"line":46,"column":19}},{"start":{"line":44,"column":25},"end":{"line":46,"column":19}}],"line":42},"10":{"loc":{"start":{"line":42,"column":30},"end":{"line":42,"column":66}},"type":"binary-expr","locations":[{"start":{"line":42,"column":30},"end":{"line":42,"column":46}},{"start":{"line":42,"column":50},"end":{"line":42,"column":66}}],"line":42}},"s":{"0":3,"1":4,"2":4,"3":104,"4":4,"5":104,"6":4,"7":4,"8":4,"9":4,"10":2,"11":20,"12":20,"13":5,"14":1,"15":4,"16":1,"17":3,"18":15,"19":4,"20":2,"21":20,"22":20,"23":5,"24":2,"25":3,"26":2,"27":1,"28":15,"29":4},"f":{"0":4,"1":104,"2":104,"3":20,"4":20},"b":{"0":[2,2],"1":[5,15],"2":[1,4],"3":[5,4],"4":[1,3],"5":[4,1],"6":[2,2],"7":[5,15],"8":[2,3],"9":[2,1],"10":[3,2]},"_coverageSchema":"1a1c01bbd47fc00a2c39e90264f33305004495a9","hash":"ce4ced432823cffd074b24099d827613b7baa241"}
,"C:\\work\\study\\Ciphering-CLI-Tool\\streams.js": {"path":"C:\\work\\study\\Ciphering-CLI-Tool\\streams.js","statementMap":{"0":{"start":{"line":1,"column":22},"end":{"line":1,"column":39}},"1":{"start":{"line":2,"column":18},"end":{"line":2,"column":36}},"2":{"start":{"line":3,"column":19},"end":{"line":3,"column":38}},"3":{"start":{"line":4,"column":16},"end":{"line":4,"column":33}},"4":{"start":{"line":5,"column":18},"end":{"line":5,"column":36}},"5":{"start":{"line":6,"column":22},"end":{"line":6,"column":44}},"6":{"start":{"line":9,"column":26},"end":{"line":9,"column":66}},"7":{"start":{"line":10,"column":24},"end":{"line":10,"column":50}},"8":{"start":{"line":11,"column":28},"end":{"line":11,"column":30}},"9":{"start":{"line":12,"column":2},"end":{"line":49,"column":5}},"10":{"start":{"line":13,"column":4},"end":{"line":48,"column":5}},"11":{"start":{"line":15,"column":8},"end":{"line":22,"column":10}},"12":{"start":{"line":18,"column":14},"end":{"line":18,"column":64}},"13":{"start":{"line":19,"column":14},"end":{"line":19,"column":25}},"14":{"start":{"line":23,"column":8},"end":{"line":23,"column":14}},"15":{"start":{"line":25,"column":8},"end":{"line":32,"column":10}},"16":{"start":{"line":28,"column":14},"end":{"line":28,"column":50}},"17":{"start":{"line":29,"column":14},"end":{"line":29,"column":25}},"18":{"start":{"line":33,"column":8},"end":{"line":33,"column":14}},"19":{"start":{"line":35,"column":8},"end":{"line":42,"column":10}},"20":{"start":{"line":38,"column":14},"end":{"line":38,"column":62}},"21":{"start":{"line":39,"column":14},"end":{"line":39,"column":25}},"22":{"start":{"line":43,"column":8},"end":{"line":43,"column":14}},"23":{"start":{"line":45,"column":8},"end":{"line":47,"column":10}},"24":{"start":{"line":46,"column":10},"end":{"line":46,"column":27}},"25":{"start":{"line":50,"column":2},"end":{"line":50,"column":29}},"26":{"start":{"line":53,"column":0},"end":{"line":53,"column":58}}},"fnMap":{"0":{"name":"cipherStreamsChain","decl":{"start":{"line":8,"column":9},"end":{"line":8,"column":27}},"loc":{"start":{"line":8,"column":30},"end":{"line":51,"column":1}},"line":8},"1":{"name":"(anonymous_1)","decl":{"start":{"line":12,"column":24},"end":{"line":12,"column":25}},"loc":{"start":{"line":12,"column":40},"end":{"line":49,"column":3}},"line":12},"2":{"name":"(anonymous_2)","decl":{"start":{"line":17,"column":12},"end":{"line":17,"column":13}},"loc":{"start":{"line":17,"column":49},"end":{"line":20,"column":13}},"line":17},"3":{"name":"(anonymous_3)","decl":{"start":{"line":27,"column":12},"end":{"line":27,"column":13}},"loc":{"start":{"line":27,"column":49},"end":{"line":30,"column":13}},"line":27},"4":{"name":"(anonymous_4)","decl":{"start":{"line":37,"column":12},"end":{"line":37,"column":13}},"loc":{"start":{"line":37,"column":49},"end":{"line":40,"column":13}},"line":37},"5":{"name":"(anonymous_5)","decl":{"start":{"line":45,"column":8},"end":{"line":45,"column":9}},"loc":{"start":{"line":45,"column":17},"end":{"line":47,"column":9}},"line":45}},"branchMap":{"0":{"loc":{"start":{"line":13,"column":4},"end":{"line":48,"column":5}},"type":"switch","locations":[{"start":{"line":14,"column":6},"end":{"line":23,"column":14}},{"start":{"line":24,"column":6},"end":{"line":33,"column":14}},{"start":{"line":34,"column":6},"end":{"line":43,"column":14}},{"start":{"line":44,"column":6},"end":{"line":47,"column":10}}],"line":13}},"s":{"0":2,"1":2,"2":2,"3":2,"4":2,"5":2,"6":6,"7":6,"8":6,"9":6,"10":15,"11":8,"12":0,"13":0,"14":8,"15":3,"16":0,"17":0,"18":3,"19":3,"20":0,"21":0,"22":3,"23":1,"24":0,"25":6,"26":2},"f":{"0":6,"1":15,"2":0,"3":0,"4":0,"5":0},"b":{"0":[8,3,3,1]},"_coverageSchema":"1a1c01bbd47fc00a2c39e90264f33305004495a9","hash":"ac753b97bb37827fb44bdc5fad76779f4456030d"}
,"C:\\work\\study\\Ciphering-CLI-Tool\\utils.js": {"path":"C:\\work\\study\\Ciphering-CLI-Tool\\utils.js","statementMap":{"0":{"start":{"line":1,"column":11},"end":{"line":1,"column":24}},"1":{"start":{"line":3,"column":13},"end":{"line":6,"column":3}},"2":{"start":{"line":4,"column":25},"end":{"line":4,"column":55}},"3":{"start":{"line":5,"column":4},"end":{"line":5,"column":40}},"4":{"start":{"line":8,"column":20},"end":{"line":10,"column":1}},"5":{"start":{"line":9,"column":2},"end":{"line":9,"column":27}},"6":{"start":{"line":14,"column":20},"end":{"line":17,"column":3}},"7":{"start":{"line":15,"column":4},"end":{"line":15,"column":39}},"8":{"start":{"line":16,"column":4},"end":{"line":16,"column":20}},"9":{"start":{"line":19,"column":27},"end":{"line":29,"column":3}},"10":{"start":{"line":20,"column":17},"end":{"line":20,"column":19}},"11":{"start":{"line":21,"column":4},"end":{"line":25,"column":7}},"12":{"start":{"line":22,"column":6},"end":{"line":24,"column":7}},"13":{"start":{"line":23,"column":8},"end":{"line":23,"column":30}},"14":{"start":{"line":26,"column":4},"end":{"line":28,"column":5}},"15":{"start":{"line":27,"column":6},"end":{"line":27,"column":18}},"16":{"start":{"line":31,"column":2},"end":{"line":31,"column":91}}},"fnMap":{"0":{"name":"(anonymous_0)","decl":{"start":{"line":3,"column":13},"end":{"line":3,"column":14}},"loc":{"start":{"line":3,"column":23},"end":{"line":6,"column":3}},"line":3},"1":{"name":"(anonymous_1)","decl":{"start":{"line":8,"column":20},"end":{"line":8,"column":21}},"loc":{"start":{"line":8,"column":30},"end":{"line":10,"column":1}},"line":8},"2":{"name":"(anonymous_2)","decl":{"start":{"line":14,"column":20},"end":{"line":14,"column":21}},"loc":{"start":{"line":14,"column":31},"end":{"line":17,"column":3}},"line":14},"3":{"name":"(anonymous_3)","decl":{"start":{"line":19,"column":27},"end":{"line":19,"column":28}},"loc":{"start":{"line":19,"column":33},"end":{"line":29,"column":3}},"line":19},"4":{"name":"(anonymous_4)","decl":{"start":{"line":21,"column":25},"end":{"line":21,"column":26}},"loc":{"start":{"line":21,"column":33},"end":{"line":25,"column":5}},"line":21}},"branchMap":{"0":{"loc":{"start":{"line":22,"column":6},"end":{"line":24,"column":7}},"type":"if","locations":[{"start":{"line":22,"column":6},"end":{"line":24,"column":7}},{"start":{},"end":{}}],"line":22},"1":{"loc":{"start":{"line":26,"column":4},"end":{"line":28,"column":5}},"type":"if","locations":[{"start":{"line":26,"column":4},"end":{"line":28,"column":5}},{"start":{},"end":{}}],"line":26}},"s":{"0":3,"1":3,"2":14,"3":14,"4":3,"5":7,"6":3,"7":7,"8":7,"9":3,"10":5,"11":5,"12":19,"13":6,"14":5,"15":2,"16":3},"f":{"0":14,"1":7,"2":7,"3":5,"4":19},"b":{"0":[6,13],"1":[2,3]},"_coverageSchema":"1a1c01bbd47fc00a2c39e90264f33305004495a9","hash":"70acb31462ae51c3849fda6b3a9bd9376d99bf21"}
}
