{"C:\\work\\study\\Ciphering-CLI-Tool\\atbash.js": {"path":"C:\\work\\study\\Ciphering-CLI-Tool\\atbash.js","statementMap":{"0":{"start":{"line":1,"column":0},"end":{"line":23,"column":1}},"1":{"start":{"line":2,"column":28},"end":{"line":2,"column":30}},"2":{"start":{"line":3,"column":28},"end":{"line":3,"column":30}},"3":{"start":{"line":4,"column":22},"end":{"line":4,"column":95}},"4":{"start":{"line":4,"column":60},"end":{"line":4,"column":86}},"5":{"start":{"line":5,"column":22},"end":{"line":5,"column":95}},"6":{"start":{"line":5,"column":60},"end":{"line":5,"column":86}},"7":{"start":{"line":6,"column":26},"end":{"line":6,"column":63}},"8":{"start":{"line":8,"column":21},"end":{"line":8,"column":34}},"9":{"start":{"line":9,"column":17},"end":{"line":9,"column":19}},"10":{"start":{"line":10,"column":4},"end":{"line":21,"column":7}},"11":{"start":{"line":11,"column":8},"end":{"line":20,"column":9}},"12":{"start":{"line":12,"column":32},"end":{"line":12,"column":61}},"13":{"start":{"line":13,"column":12},"end":{"line":17,"column":13}},"14":{"start":{"line":14,"column":16},"end":{"line":14,"column":61}},"15":{"start":{"line":16,"column":16},"end":{"line":16,"column":92}},"16":{"start":{"line":19,"column":12},"end":{"line":19,"column":32}},"17":{"start":{"line":22,"column":4},"end":{"line":22,"column":27}}},"fnMap":{"0":{"name":"(anonymous_0)","decl":{"start":{"line":1,"column":24},"end":{"line":1,"column":25}},"loc":{"start":{"line":1,"column":33},"end":{"line":23,"column":1}},"line":1},"1":{"name":"(anonymous_1)","decl":{"start":{"line":4,"column":57},"end":{"line":4,"column":58}},"loc":{"start":{"line":4,"column":60},"end":{"line":4,"column":86}},"line":4},"2":{"name":"(anonymous_2)","decl":{"start":{"line":5,"column":57},"end":{"line":5,"column":58}},"loc":{"start":{"line":5,"column":60},"end":{"line":5,"column":86}},"line":5},"3":{"name":"(anonymous_3)","decl":{"start":{"line":10,"column":21},"end":{"line":10,"column":22}},"loc":{"start":{"line":10,"column":31},"end":{"line":21,"column":5}},"line":10}},"branchMap":{"0":{"loc":{"start":{"line":11,"column":8},"end":{"line":20,"column":9}},"type":"if","locations":[{"start":{"line":11,"column":8},"end":{"line":20,"column":9}},{"start":{"line":18,"column":15},"end":{"line":20,"column":9}}],"line":11},"1":{"loc":{"start":{"line":13,"column":12},"end":{"line":17,"column":13}},"type":"if","locations":[{"start":{"line":13,"column":12},"end":{"line":17,"column":13}},{"start":{"line":15,"column":19},"end":{"line":17,"column":13}}],"line":13}},"s":{"0":1,"1":1,"2":1,"3":1,"4":26,"5":1,"6":26,"7":1,"8":1,"9":1,"10":1,"11":5,"12":5,"13":5,"14":3,"15":2,"16":0,"17":1},"f":{"0":1,"1":26,"2":26,"3":5},"b":{"0":[5,0],"1":[3,2]},"_coverageSchema":"1a1c01bbd47fc00a2c39e90264f33305004495a9","hash":"af76689dff40b1859e5d3b885cc53875664aeade"}
,"C:\\work\\study\\Ciphering-CLI-Tool\\cesar.js": {"path":"C:\\work\\study\\Ciphering-CLI-Tool\\cesar.js","statementMap":{"0":{"start":{"line":1,"column":0},"end":{"line":50,"column":2}},"1":{"start":{"line":2,"column":2},"end":{"line":2,"column":19}},"2":{"start":{"line":3,"column":20},"end":{"line":7,"column":3}},"3":{"start":{"line":4,"column":11},"end":{"line":4,"column":39}},"4":{"start":{"line":8,"column":20},"end":{"line":12,"column":3}},"5":{"start":{"line":9,"column":11},"end":{"line":9,"column":39}},"6":{"start":{"line":13,"column":24},"end":{"line":13,"column":61}},"7":{"start":{"line":14,"column":19},"end":{"line":14,"column":32}},"8":{"start":{"line":15,"column":15},"end":{"line":15,"column":17}},"9":{"start":{"line":17,"column":2},"end":{"line":31,"column":3}},"10":{"start":{"line":18,"column":4},"end":{"line":30,"column":7}},"11":{"start":{"line":19,"column":6},"end":{"line":29,"column":7}},"12":{"start":{"line":20,"column":8},"end":{"line":22,"column":9}},"13":{"start":{"line":21,"column":10},"end":{"line":21,"column":27}},"14":{"start":{"line":23,"column":8},"end":{"line":25,"column":9}},"15":{"start":{"line":24,"column":10},"end":{"line":24,"column":27}},"16":{"start":{"line":26,"column":8},"end":{"line":26,"column":70}},"17":{"start":{"line":28,"column":8},"end":{"line":28,"column":28}},"18":{"start":{"line":33,"column":2},"end":{"line":47,"column":3}},"19":{"start":{"line":34,"column":4},"end":{"line":46,"column":7}},"20":{"start":{"line":35,"column":6},"end":{"line":45,"column":7}},"21":{"start":{"line":36,"column":8},"end":{"line":38,"column":9}},"22":{"start":{"line":37,"column":10},"end":{"line":37,"column":27}},"23":{"start":{"line":39,"column":8},"end":{"line":41,"column":9}},"24":{"start":{"line":40,"column":10},"end":{"line":40,"column":27}},"25":{"start":{"line":42,"column":8},"end":{"line":42,"column":70}},"26":{"start":{"line":44,"column":8},"end":{"line":44,"column":28}},"27":{"start":{"line":49,"column":2},"end":{"line":49,"column":25}}},"fnMap":{"0":{"name":"(anonymous_0)","decl":{"start":{"line":1,"column":23},"end":{"line":1,"column":24}},"loc":{"start":{"line":1,"column":40},"end":{"line":50,"column":1}},"line":1},"1":{"name":"(anonymous_1)","decl":{"start":{"line":4,"column":4},"end":{"line":4,"column":5}},"loc":{"start":{"line":4,"column":11},"end":{"line":4,"column":39}},"line":4},"2":{"name":"(anonymous_2)","decl":{"start":{"line":9,"column":4},"end":{"line":9,"column":5}},"loc":{"start":{"line":9,"column":11},"end":{"line":9,"column":39}},"line":9},"3":{"name":"(anonymous_3)","decl":{"start":{"line":18,"column":17},"end":{"line":18,"column":18}},"loc":{"start":{"line":18,"column":29},"end":{"line":30,"column":5}},"line":18},"4":{"name":"(anonymous_4)","decl":{"start":{"line":34,"column":17},"end":{"line":34,"column":18}},"loc":{"start":{"line":34,"column":29},"end":{"line":46,"column":5}},"line":34}},"branchMap":{"0":{"loc":{"start":{"line":17,"column":2},"end":{"line":31,"column":3}},"type":"if","locations":[{"start":{"line":17,"column":2},"end":{"line":31,"column":3}},{"start":{},"end":{}}],"line":17},"1":{"loc":{"start":{"line":19,"column":6},"end":{"line":29,"column":7}},"type":"if","locations":[{"start":{"line":19,"column":6},"end":{"line":29,"column":7}},{"start":{"line":27,"column":13},"end":{"line":29,"column":7}}],"line":19},"2":{"loc":{"start":{"line":20,"column":8},"end":{"line":22,"column":9}},"type":"if","locations":[{"start":{"line":20,"column":8},"end":{"line":22,"column":9}},{"start":{},"end":{}}],"line":20},"3":{"loc":{"start":{"line":23,"column":8},"end":{"line":25,"column":9}},"type":"if","locations":[{"start":{"line":23,"column":8},"end":{"line":25,"column":9}},{"start":{},"end":{}}],"line":23},"4":{"loc":{"start":{"line":33,"column":2},"end":{"line":47,"column":3}},"type":"if","locations":[{"start":{"line":33,"column":2},"end":{"line":47,"column":3}},{"start":{},"end":{}}],"line":33},"5":{"loc":{"start":{"line":35,"column":6},"end":{"line":45,"column":7}},"type":"if","locations":[{"start":{"line":35,"column":6},"end":{"line":45,"column":7}},{"start":{"line":43,"column":13},"end":{"line":45,"column":7}}],"line":35},"6":{"loc":{"start":{"line":36,"column":8},"end":{"line":38,"column":9}},"type":"if","locations":[{"start":{"line":36,"column":8},"end":{"line":38,"column":9}},{"start":{},"end":{}}],"line":36},"7":{"loc":{"start":{"line":39,"column":8},"end":{"line":41,"column":9}},"type":"if","locations":[{"start":{"line":39,"column":8},"end":{"line":41,"column":9}},{"start":{},"end":{}}],"line":39}},"s":{"0":1,"1":3,"2":3,"3":78,"4":3,"5":78,"6":3,"7":3,"8":3,"9":3,"10":2,"11":16,"12":5,"13":0,"14":5,"15":0,"16":5,"17":11,"18":3,"19":1,"20":5,"21":5,"22":0,"23":5,"24":0,"25":5,"26":0,"27":3},"f":{"0":3,"1":78,"2":78,"3":16,"4":5},"b":{"0":[2,1],"1":[5,11],"2":[0,5],"3":[0,5],"4":[1,2],"5":[5,0],"6":[0,5],"7":[0,5]},"_coverageSchema":"1a1c01bbd47fc00a2c39e90264f33305004495a9","hash":"4f2c96e9a4d58dd8dc5c8c43d5c1381d44220e4e"}
,"C:\\work\\study\\Ciphering-CLI-Tool\\rot8.js": {"path":"C:\\work\\study\\Ciphering-CLI-Tool\\rot8.js","statementMap":{"0":{"start":{"line":1,"column":0},"end":{"line":54,"column":1}},"1":{"start":{"line":2,"column":4},"end":{"line":2,"column":21}},"2":{"start":{"line":3,"column":22},"end":{"line":3,"column":82}},"3":{"start":{"line":3,"column":47},"end":{"line":3,"column":73}},"4":{"start":{"line":4,"column":22},"end":{"line":4,"column":82}},"5":{"start":{"line":4,"column":47},"end":{"line":4,"column":73}},"6":{"start":{"line":5,"column":26},"end":{"line":5,"column":63}},"7":{"start":{"line":6,"column":21},"end":{"line":6,"column":34}},"8":{"start":{"line":7,"column":17},"end":{"line":7,"column":19}},"9":{"start":{"line":9,"column":4},"end":{"line":34,"column":5}},"10":{"start":{"line":10,"column":8},"end":{"line":33,"column":11}},"11":{"start":{"line":11,"column":30},"end":{"line":11,"column":59}},"12":{"start":{"line":12,"column":12},"end":{"line":32,"column":13}},"13":{"start":{"line":23,"column":16},"end":{"line":29,"column":19}},"14":{"start":{"line":24,"column":20},"end":{"line":24,"column":71}},"15":{"start":{"line":25,"column":25},"end":{"line":29,"column":19}},"16":{"start":{"line":26,"column":20},"end":{"line":26,"column":71}},"17":{"start":{"line":28,"column":20},"end":{"line":28,"column":64}},"18":{"start":{"line":31,"column":16},"end":{"line":31,"column":36}},"19":{"start":{"line":36,"column":4},"end":{"line":51,"column":5}},"20":{"start":{"line":37,"column":8},"end":{"line":50,"column":11}},"21":{"start":{"line":38,"column":30},"end":{"line":38,"column":59}},"22":{"start":{"line":39,"column":12},"end":{"line":49,"column":13}},"23":{"start":{"line":40,"column":16},"end":{"line":46,"column":19}},"24":{"start":{"line":41,"column":20},"end":{"line":41,"column":65}},"25":{"start":{"line":42,"column":25},"end":{"line":46,"column":19}},"26":{"start":{"line":43,"column":20},"end":{"line":43,"column":65}},"27":{"start":{"line":45,"column":20},"end":{"line":45,"column":82}},"28":{"start":{"line":48,"column":16},"end":{"line":48,"column":36}},"29":{"start":{"line":53,"column":4},"end":{"line":53,"column":27}}},"fnMap":{"0":{"name":"(anonymous_0)","decl":{"start":{"line":1,"column":21},"end":{"line":1,"column":22}},"loc":{"start":{"line":1,"column":38},"end":{"line":54,"column":1}},"line":1},"1":{"name":"(anonymous_1)","decl":{"start":{"line":3,"column":44},"end":{"line":3,"column":45}},"loc":{"start":{"line":3,"column":47},"end":{"line":3,"column":73}},"line":3},"2":{"name":"(anonymous_2)","decl":{"start":{"line":4,"column":44},"end":{"line":4,"column":45}},"loc":{"start":{"line":4,"column":47},"end":{"line":4,"column":73}},"line":4},"3":{"name":"(anonymous_3)","decl":{"start":{"line":10,"column":25},"end":{"line":10,"column":26}},"loc":{"start":{"line":10,"column":37},"end":{"line":33,"column":9}},"line":10},"4":{"name":"(anonymous_4)","decl":{"start":{"line":37,"column":25},"end":{"line":37,"column":26}},"loc":{"start":{"line":37,"column":37},"end":{"line":50,"column":9}},"line":37}},"branchMap":{"0":{"loc":{"start":{"line":9,"column":4},"end":{"line":34,"column":5}},"type":"if","locations":[{"start":{"line":9,"column":4},"end":{"line":34,"column":5}},{"start":{},"end":{}}],"line":9},"1":{"loc":{"start":{"line":12,"column":12},"end":{"line":32,"column":13}},"type":"if","locations":[{"start":{"line":12,"column":12},"end":{"line":32,"column":13}},{"start":{"line":30,"column":19},"end":{"line":32,"column":13}}],"line":12},"2":{"loc":{"start":{"line":23,"column":16},"end":{"line":29,"column":19}},"type":"if","locations":[{"start":{"line":23,"column":16},"end":{"line":29,"column":19}},{"start":{"line":25,"column":25},"end":{"line":29,"column":19}}],"line":23},"3":{"loc":{"start":{"line":23,"column":20},"end":{"line":23,"column":56}},"type":"binary-expr","locations":[{"start":{"line":23,"column":20},"end":{"line":23,"column":36}},{"start":{"line":23,"column":40},"end":{"line":23,"column":56}}],"line":23},"4":{"loc":{"start":{"line":25,"column":25},"end":{"line":29,"column":19}},"type":"if","locations":[{"start":{"line":25,"column":25},"end":{"line":29,"column":19}},{"start":{"line":27,"column":25},"end":{"line":29,"column":19}}],"line":25},"5":{"loc":{"start":{"line":25,"column":29},"end":{"line":25,"column":65}},"type":"binary-expr","locations":[{"start":{"line":25,"column":29},"end":{"line":25,"column":45}},{"start":{"line":25,"column":49},"end":{"line":25,"column":65}}],"line":25},"6":{"loc":{"start":{"line":36,"column":4},"end":{"line":51,"column":5}},"type":"if","locations":[{"start":{"line":36,"column":4},"end":{"line":51,"column":5}},{"start":{},"end":{}}],"line":36},"7":{"loc":{"start":{"line":39,"column":12},"end":{"line":49,"column":13}},"type":"if","locations":[{"start":{"line":39,"column":12},"end":{"line":49,"column":13}},{"start":{"line":47,"column":19},"end":{"line":49,"column":13}}],"line":39},"8":{"loc":{"start":{"line":40,"column":16},"end":{"line":46,"column":19}},"type":"if","locations":[{"start":{"line":40,"column":16},"end":{"line":46,"column":19}},{"start":{"line":42,"column":25},"end":{"line":46,"column":19}}],"line":40},"9":{"loc":{"start":{"line":42,"column":25},"end":{"line":46,"column":19}},"type":"if","locations":[{"start":{"line":42,"column":25},"end":{"line":46,"column":19}},{"start":{"line":44,"column":25},"end":{"line":46,"column":19}}],"line":42},"10":{"loc":{"start":{"line":42,"column":30},"end":{"line":42,"column":66}},"type":"binary-expr","locations":[{"start":{"line":42,"column":30},"end":{"line":42,"column":46}},{"start":{"line":42,"column":50},"end":{"line":42,"column":66}}],"line":42}},"s":{"0":1,"1":1,"2":1,"3":26,"4":1,"5":26,"6":1,"7":1,"8":1,"9":1,"10":1,"11":5,"12":5,"13":5,"14":1,"15":4,"16":1,"17":3,"18":0,"19":1,"20":0,"21":0,"22":0,"23":0,"24":0,"25":0,"26":0,"27":0,"28":0,"29":1},"f":{"0":1,"1":26,"2":26,"3":5,"4":0},"b":{"0":[1,0],"1":[5,0],"2":[1,4],"3":[5,4],"4":[1,3],"5":[4,1],"6":[0,1],"7":[0,0],"8":[0,0],"9":[0,0],"10":[0,0]},"_coverageSchema":"1a1c01bbd47fc00a2c39e90264f33305004495a9","hash":"b811e199426ffed14dabab021062108ec6d12c37"}
,"C:\\work\\study\\Ciphering-CLI-Tool\\utils.js": {"path":"C:\\work\\study\\Ciphering-CLI-Tool\\utils.js","statementMap":{"0":{"start":{"line":1,"column":11},"end":{"line":1,"column":24}},"1":{"start":{"line":3,"column":13},"end":{"line":6,"column":3}},"2":{"start":{"line":4,"column":25},"end":{"line":4,"column":55}},"3":{"start":{"line":5,"column":4},"end":{"line":5,"column":40}},"4":{"start":{"line":8,"column":20},"end":{"line":10,"column":1}},"5":{"start":{"line":9,"column":2},"end":{"line":9,"column":27}},"6":{"start":{"line":12,"column":19},"end":{"line":22,"column":3}},"7":{"start":{"line":13,"column":4},"end":{"line":21,"column":22}},"8":{"start":{"line":15,"column":10},"end":{"line":18,"column":11}},"9":{"start":{"line":16,"column":12},"end":{"line":16,"column":55}},"10":{"start":{"line":17,"column":12},"end":{"line":17,"column":28}},"11":{"start":{"line":19,"column":10},"end":{"line":19,"column":22}},"12":{"start":{"line":24,"column":20},"end":{"line":27,"column":3}},"13":{"start":{"line":25,"column":4},"end":{"line":25,"column":39}},"14":{"start":{"line":26,"column":4},"end":{"line":26,"column":20}},"15":{"start":{"line":29,"column":27},"end":{"line":39,"column":3}},"16":{"start":{"line":30,"column":17},"end":{"line":30,"column":19}},"17":{"start":{"line":31,"column":4},"end":{"line":35,"column":7}},"18":{"start":{"line":32,"column":6},"end":{"line":34,"column":7}},"19":{"start":{"line":33,"column":8},"end":{"line":33,"column":30}},"20":{"start":{"line":36,"column":4},"end":{"line":38,"column":5}},"21":{"start":{"line":37,"column":6},"end":{"line":37,"column":18}},"22":{"start":{"line":41,"column":2},"end":{"line":41,"column":85}}},"fnMap":{"0":{"name":"(anonymous_0)","decl":{"start":{"line":3,"column":13},"end":{"line":3,"column":14}},"loc":{"start":{"line":3,"column":23},"end":{"line":6,"column":3}},"line":3},"1":{"name":"(anonymous_1)","decl":{"start":{"line":8,"column":20},"end":{"line":8,"column":21}},"loc":{"start":{"line":8,"column":30},"end":{"line":10,"column":1}},"line":8},"2":{"name":"(anonymous_2)","decl":{"start":{"line":12,"column":19},"end":{"line":12,"column":20}},"loc":{"start":{"line":12,"column":30},"end":{"line":22,"column":3}},"line":12},"3":{"name":"(anonymous_3)","decl":{"start":{"line":14,"column":40},"end":{"line":14,"column":41}},"loc":{"start":{"line":14,"column":55},"end":{"line":20,"column":9}},"line":14},"4":{"name":"(anonymous_4)","decl":{"start":{"line":24,"column":20},"end":{"line":24,"column":21}},"loc":{"start":{"line":24,"column":31},"end":{"line":27,"column":3}},"line":24},"5":{"name":"(anonymous_5)","decl":{"start":{"line":29,"column":27},"end":{"line":29,"column":28}},"loc":{"start":{"line":29,"column":33},"end":{"line":39,"column":3}},"line":29},"6":{"name":"(anonymous_6)","decl":{"start":{"line":31,"column":25},"end":{"line":31,"column":26}},"loc":{"start":{"line":31,"column":33},"end":{"line":35,"column":5}},"line":31}},"branchMap":{"0":{"loc":{"start":{"line":13,"column":11},"end":{"line":21,"column":21}},"type":"cond-expr","locations":[{"start":{"line":14,"column":8},"end":{"line":20,"column":10}},{"start":{"line":21,"column":8},"end":{"line":21,"column":21}}],"line":13},"1":{"loc":{"start":{"line":15,"column":10},"end":{"line":18,"column":11}},"type":"if","locations":[{"start":{"line":15,"column":10},"end":{"line":18,"column":11}},{"start":{},"end":{}}],"line":15},"2":{"loc":{"start":{"line":32,"column":6},"end":{"line":34,"column":7}},"type":"if","locations":[{"start":{"line":32,"column":6},"end":{"line":34,"column":7}},{"start":{},"end":{}}],"line":32},"3":{"loc":{"start":{"line":36,"column":4},"end":{"line":38,"column":5}},"type":"if","locations":[{"start":{"line":36,"column":4},"end":{"line":38,"column":5}},{"start":{},"end":{}}],"line":36}},"s":{"0":1,"1":1,"2":2,"3":2,"4":1,"5":1,"6":1,"7":0,"8":0,"9":0,"10":0,"11":0,"12":1,"13":1,"14":1,"15":1,"16":0,"17":0,"18":0,"19":0,"20":0,"21":0,"22":1},"f":{"0":2,"1":1,"2":0,"3":0,"4":1,"5":0,"6":0},"b":{"0":[0,0],"1":[0,0],"2":[0,0],"3":[0,0]},"_coverageSchema":"1a1c01bbd47fc00a2c39e90264f33305004495a9","hash":"b466e49bb178035a5880acab3586be8fd5da31c4"}
}
