TN:
SF:atbash.js
FN:1,(anonymous_0)
FN:4,(anonymous_1)
FN:5,(anonymous_2)
FN:10,(anonymous_3)
FNF:4
FNH:4
FNDA:1,(anonymous_0)
FNDA:26,(anonymous_1)
FNDA:26,(anonymous_2)
FNDA:5,(anonymous_3)
DA:1,1
DA:2,1
DA:3,1
DA:4,26
DA:5,26
DA:6,1
DA:8,1
DA:9,1
DA:10,1
DA:11,5
DA:12,5
DA:13,5
DA:14,3
DA:16,2
DA:19,0
DA:22,1
LF:16
LH:15
BRDA:11,0,0,5
BRDA:11,0,1,0
BRDA:13,1,0,3
BRDA:13,1,1,2
BRF:4
BRH:3
end_of_record
TN:
SF:cesar.js
FN:1,(anonymous_0)
FN:4,(anonymous_1)
FN:9,(anonymous_2)
FN:18,(anonymous_3)
FN:34,(anonymous_4)
FNF:5
FNH:5
FNDA:3,(anonymous_0)
FNDA:78,(anonymous_1)
FNDA:78,(anonymous_2)
FNDA:16,(anonymous_3)
FNDA:5,(anonymous_4)
DA:1,1
DA:2,3
DA:3,3
DA:4,78
DA:8,3
DA:9,78
DA:13,3
DA:14,3
DA:15,3
DA:17,3
DA:18,2
DA:19,16
DA:20,5
DA:21,0
DA:23,5
DA:24,0
DA:26,5
DA:28,11
DA:33,3
DA:34,1
DA:35,5
DA:36,5
DA:37,0
DA:39,5
DA:40,0
DA:42,5
DA:44,0
DA:49,3
LF:28
LH:23
BRDA:17,0,0,2
BRDA:17,0,1,1
BRDA:19,1,0,5
BRDA:19,1,1,11
BRDA:20,2,0,0
BRDA:20,2,1,5
BRDA:23,3,0,0
BRDA:23,3,1,5
BRDA:33,4,0,1
BRDA:33,4,1,2
BRDA:35,5,0,5
BRDA:35,5,1,0
BRDA:36,6,0,0
BRDA:36,6,1,5
BRDA:39,7,0,0
BRDA:39,7,1,5
BRF:16
BRH:11
end_of_record
TN:
SF:rot8.js
FN:1,(anonymous_0)
FN:3,(anonymous_1)
FN:4,(anonymous_2)
FN:10,(anonymous_3)
FN:37,(anonymous_4)
FNF:5
FNH:4
FNDA:1,(anonymous_0)
FNDA:26,(anonymous_1)
FNDA:26,(anonymous_2)
FNDA:5,(anonymous_3)
FNDA:0,(anonymous_4)
DA:1,1
DA:2,1
DA:3,26
DA:4,26
DA:5,1
DA:6,1
DA:7,1
DA:9,1
DA:10,1
DA:11,5
DA:12,5
DA:23,5
DA:24,1
DA:25,4
DA:26,1
DA:28,3
DA:31,0
DA:36,1
DA:37,0
DA:38,0
DA:39,0
DA:40,0
DA:41,0
DA:42,0
DA:43,0
DA:45,0
DA:48,0
DA:53,1
LF:28
LH:18
BRDA:9,0,0,1
BRDA:9,0,1,0
BRDA:12,1,0,5
BRDA:12,1,1,0
BRDA:23,2,0,1
BRDA:23,2,1,4
BRDA:23,3,0,5
BRDA:23,3,1,4
BRDA:25,4,0,1
BRDA:25,4,1,3
BRDA:25,5,0,4
BRDA:25,5,1,1
BRDA:36,6,0,0
BRDA:36,6,1,1
BRDA:39,7,0,0
BRDA:39,7,1,0
BRDA:40,8,0,0
BRDA:40,8,1,0
BRDA:42,9,0,0
BRDA:42,9,1,0
BRDA:42,10,0,0
BRDA:42,10,1,0
BRF:22
BRH:11
end_of_record
TN:
SF:utils.js
FN:3,(anonymous_0)
FN:8,(anonymous_1)
FN:12,(anonymous_2)
FN:14,(anonymous_3)
FN:24,(anonymous_4)
FN:29,(anonymous_5)
FN:31,(anonymous_6)
FNF:7
FNH:3
FNDA:2,(anonymous_0)
FNDA:1,(anonymous_1)
FNDA:0,(anonymous_2)
FNDA:0,(anonymous_3)
FNDA:1,(anonymous_4)
FNDA:0,(anonymous_5)
FNDA:0,(anonymous_6)
DA:1,1
DA:3,1
DA:4,2
DA:5,2
DA:8,1
DA:9,1
DA:12,1
DA:13,0
DA:15,0
DA:16,0
DA:17,0
DA:19,0
DA:24,1
DA:25,1
DA:26,1
DA:29,1
DA:30,0
DA:31,0
DA:32,0
DA:33,0
DA:36,0
DA:37,0
DA:41,1
LF:23
LH:12
BRDA:13,0,0,0
BRDA:13,0,1,0
BRDA:15,1,0,0
BRDA:15,1,1,0
BRDA:32,2,0,0
BRDA:32,2,1,0
BRDA:36,3,0,0
BRDA:36,3,1,0
BRF:8
BRH:0
end_of_record
