TN:
SF:atbash.js
FN:1,(anonymous_0)
FN:4,(anonymous_1)
FN:5,(anonymous_2)
FN:10,(anonymous_3)
FNF:4
FNH:4
FNDA:2,(anonymous_0)
FNDA:52,(anonymous_1)
FNDA:52,(anonymous_2)
FNDA:18,(anonymous_3)
DA:1,3
DA:2,2
DA:3,2
DA:4,52
DA:5,52
DA:6,2
DA:8,2
DA:9,2
DA:10,2
DA:11,18
DA:12,5
DA:13,5
DA:14,3
DA:16,2
DA:19,13
DA:22,2
LF:16
LH:16
BRDA:11,0,0,5
BRDA:11,0,1,13
BRDA:13,1,0,3
BRDA:13,1,1,2
BRF:4
BRH:4
end_of_record
TN:
SF:cesar.js
FN:1,(anonymous_0)
FN:4,(anonymous_1)
FN:9,(anonymous_2)
FN:18,(anonymous_3)
FN:34,(anonymous_4)
FNF:5
FNH:5
FNDA:8,(anonymous_0)
FNDA:208,(anonymous_1)
FNDA:208,(anonymous_2)
FNDA:18,(anonymous_3)
FNDA:18,(anonymous_4)
DA:1,3
DA:2,8
DA:3,8
DA:4,208
DA:8,8
DA:9,208
DA:13,8
DA:14,8
DA:15,8
DA:17,8
DA:18,4
DA:19,18
DA:20,7
DA:21,1
DA:22,6
DA:23,1
DA:25,5
DA:28,11
DA:33,8
DA:34,4
DA:35,18
DA:36,7
DA:37,1
DA:38,6
DA:39,1
DA:41,5
DA:44,11
DA:49,8
LF:28
LH:28
BRDA:17,0,0,4
BRDA:17,0,1,4
BRDA:19,1,0,7
BRDA:19,1,1,11
BRDA:20,2,0,1
BRDA:20,2,1,6
BRDA:22,3,0,1
BRDA:22,3,1,5
BRDA:33,4,0,4
BRDA:33,4,1,4
BRDA:35,5,0,7
BRDA:35,5,1,11
BRDA:36,6,0,1
BRDA:36,6,1,6
BRDA:38,7,0,1
BRDA:38,7,1,5
BRF:16
BRH:16
end_of_record
TN:
SF:constants.js
FNF:0
FNH:0
DA:1,2
DA:7,2
DA:16,2
LF:3
LH:3
BRF:0
BRH:0
end_of_record
TN:
SF:index.js
FN:7,runingCode
FN:32,(anonymous_1)
FNF:2
FNH:1
FNDA:3,runingCode
FNDA:0,(anonymous_1)
DA:2,1
DA:3,1
DA:4,1
DA:5,1
DA:8,3
DA:9,1
DA:12,3
DA:13,3
DA:15,3
DA:16,2
DA:27,3
DA:28,2
DA:33,0
DA:34,0
DA:39,1
DA:43,1
DA:44,1
LF:17
LH:15
BRDA:8,0,0,1
BRDA:8,0,1,2
BRDA:15,1,0,2
BRDA:15,1,1,1
BRDA:15,2,0,3
BRDA:15,2,1,1
BRDA:27,3,0,2
BRDA:27,3,1,1
BRDA:33,4,0,0
BRDA:33,4,1,0
BRF:10
BRH:8
end_of_record
TN:
SF:rot8.js
FN:1,(anonymous_0)
FN:3,(anonymous_1)
FN:4,(anonymous_2)
FN:10,(anonymous_3)
FN:37,(anonymous_4)
FNF:5
FNH:5
FNDA:4,(anonymous_0)
FNDA:104,(anonymous_1)
FNDA:104,(anonymous_2)
FNDA:20,(anonymous_3)
FNDA:20,(anonymous_4)
DA:1,3
DA:2,4
DA:3,104
DA:4,104
DA:5,4
DA:6,4
DA:7,4
DA:9,4
DA:10,2
DA:11,20
DA:12,20
DA:23,5
DA:24,1
DA:25,4
DA:26,1
DA:28,3
DA:31,15
DA:36,4
DA:37,2
DA:38,20
DA:39,20
DA:40,5
DA:41,2
DA:42,3
DA:43,2
DA:45,1
DA:48,15
DA:53,4
LF:28
LH:28
BRDA:9,0,0,2
BRDA:9,0,1,2
BRDA:12,1,0,5
BRDA:12,1,1,15
BRDA:23,2,0,1
BRDA:23,2,1,4
BRDA:23,3,0,5
BRDA:23,3,1,4
BRDA:25,4,0,1
BRDA:25,4,1,3
BRDA:25,5,0,4
BRDA:25,5,1,1
BRDA:36,6,0,2
BRDA:36,6,1,2
BRDA:39,7,0,5
BRDA:39,7,1,15
BRDA:40,8,0,2
BRDA:40,8,1,3
BRDA:42,9,0,2
BRDA:42,9,1,1
BRDA:42,10,0,3
BRDA:42,10,1,2
BRF:22
BRH:22
end_of_record
TN:
SF:streams.js
FN:8,cipherStreamsChain
FN:12,(anonymous_1)
FN:17,(anonymous_2)
FN:27,(anonymous_3)
FN:37,(anonymous_4)
FN:45,(anonymous_5)
FNF:6
FNH:2
FNDA:5,cipherStreamsChain
FNDA:14,(anonymous_1)
FNDA:0,(anonymous_2)
FNDA:0,(anonymous_3)
FNDA:0,(anonymous_4)
FNDA:0,(anonymous_5)
DA:1,2
DA:2,2
DA:3,2
DA:4,2
DA:5,2
DA:6,2
DA:9,5
DA:10,5
DA:11,5
DA:12,5
DA:13,14
DA:15,7
DA:18,0
DA:19,0
DA:23,7
DA:25,3
DA:28,0
DA:29,0
DA:33,3
DA:35,3
DA:38,0
DA:39,0
DA:43,3
DA:45,1
DA:46,0
DA:50,5
DA:53,2
LF:27
LH:20
BRDA:13,0,0,7
BRDA:13,0,1,3
BRDA:13,0,2,3
BRDA:13,0,3,1
BRF:4
BRH:4
end_of_record
TN:
SF:utils.js
FN:3,(anonymous_0)
FN:8,(anonymous_1)
FN:14,(anonymous_2)
FN:19,(anonymous_3)
FN:21,(anonymous_4)
FNF:5
FNH:5
FNDA:13,(anonymous_0)
FNDA:7,(anonymous_1)
FNDA:7,(anonymous_2)
FNDA:5,(anonymous_3)
FNDA:19,(anonymous_4)
DA:1,3
DA:3,3
DA:4,13
DA:5,13
DA:8,3
DA:9,7
DA:14,3
DA:15,7
DA:16,7
DA:19,3
DA:20,5
DA:21,5
DA:22,19
DA:23,6
DA:26,5
DA:27,2
DA:31,3
LF:17
LH:17
BRDA:22,0,0,6
BRDA:22,0,1,13
BRDA:26,1,0,2
BRDA:26,1,1,3
BRF:4
BRH:4
end_of_record
